[2023-02-26T16:59:19.842+0000] {processor.py:153} INFO - Started process (PID=67) to work on /opt/airflow/dags/goes_scrapper_dag.py
[2023-02-26T16:59:19.844+0000] {processor.py:743} INFO - Processing file /opt/airflow/dags/goes_scrapper_dag.py for tasks to queue
[2023-02-26T16:59:19.846+0000] {logging_mixin.py:137} INFO - [2023-02-26T16:59:19.845+0000] {dagbag.py:538} INFO - Filling up the DagBag from /opt/airflow/dags/goes_scrapper_dag.py
[2023-02-26T16:59:28.257+0000] {logging_mixin.py:137} INFO - [2023-02-26T16:59:28.257+0000] {warnings.py:110} WARNING - /opt/airflow/dags/goes_scrapper_dag.py:40: RemovedInAirflow3Warning: Function `days_ago` is deprecated and will be removed in Airflow 3.0. You can achieve equivalent behavior with `pendulum.today('UTC').add(days=-N, ...)`
  start_date=days_ago(0),
[2023-02-26T16:59:28.264+0000] {logging_mixin.py:137} INFO - [2023-02-26T16:59:28.263+0000] {warnings.py:110} WARNING - /opt/airflow/dags/goes_scrapper_dag.py:132: RemovedInAirflow3Warning: Function `days_ago` is deprecated and will be removed in Airflow 3.0. You can achieve equivalent behavior with `pendulum.today('UTC').add(days=-N, ...)`
  start_date=days_ago(0)
[2023-02-26T16:59:28.269+0000] {logging_mixin.py:137} INFO - [2023-02-26T16:59:28.267+0000] {warnings.py:110} WARNING - /opt/airflow/dags/goes_scrapper_dag.py:140: RemovedInAirflow3Warning: Function `days_ago` is deprecated and will be removed in Airflow 3.0. You can achieve equivalent behavior with `pendulum.today('UTC').add(days=-N, ...)`
  start_date=days_ago(0)
[2023-02-26T16:59:28.315+0000] {processor.py:753} INFO - DAG(s) dict_keys(['Scrapper_goes18']) retrieved from /opt/airflow/dags/goes_scrapper_dag.py
[2023-02-26T16:59:28.734+0000] {logging_mixin.py:137} INFO - [2023-02-26T16:59:28.734+0000] {dag.py:2690} INFO - Sync 1 DAGs
[2023-02-26T16:59:28.850+0000] {logging_mixin.py:137} INFO - [2023-02-26T16:59:28.850+0000] {dag.py:3441} INFO - Setting next_dagrun for Scrapper_goes18 to 2023-02-26T00:00:00+00:00, run_after=2023-02-27T00:00:00+00:00
[2023-02-26T16:59:28.911+0000] {processor.py:175} INFO - Processing /opt/airflow/dags/goes_scrapper_dag.py took 9.075 seconds
[2023-02-26T16:59:59.137+0000] {processor.py:153} INFO - Started process (PID=143) to work on /opt/airflow/dags/goes_scrapper_dag.py
[2023-02-26T16:59:59.139+0000] {processor.py:743} INFO - Processing file /opt/airflow/dags/goes_scrapper_dag.py for tasks to queue
[2023-02-26T16:59:59.139+0000] {logging_mixin.py:137} INFO - [2023-02-26T16:59:59.139+0000] {dagbag.py:538} INFO - Filling up the DagBag from /opt/airflow/dags/goes_scrapper_dag.py
[2023-02-26T17:00:03.858+0000] {logging_mixin.py:137} INFO - [2023-02-26T17:00:03.858+0000] {warnings.py:110} WARNING - /opt/airflow/dags/goes_scrapper_dag.py:40: RemovedInAirflow3Warning: Function `days_ago` is deprecated and will be removed in Airflow 3.0. You can achieve equivalent behavior with `pendulum.today('UTC').add(days=-N, ...)`
  start_date=days_ago(0),
[2023-02-26T17:00:03.872+0000] {logging_mixin.py:137} INFO - [2023-02-26T17:00:03.872+0000] {warnings.py:110} WARNING - /opt/airflow/dags/goes_scrapper_dag.py:132: RemovedInAirflow3Warning: Function `days_ago` is deprecated and will be removed in Airflow 3.0. You can achieve equivalent behavior with `pendulum.today('UTC').add(days=-N, ...)`
  start_date=days_ago(0)
[2023-02-26T17:00:03.877+0000] {logging_mixin.py:137} INFO - [2023-02-26T17:00:03.877+0000] {warnings.py:110} WARNING - /opt/airflow/dags/goes_scrapper_dag.py:140: RemovedInAirflow3Warning: Function `days_ago` is deprecated and will be removed in Airflow 3.0. You can achieve equivalent behavior with `pendulum.today('UTC').add(days=-N, ...)`
  start_date=days_ago(0)
[2023-02-26T17:00:03.908+0000] {processor.py:753} INFO - DAG(s) dict_keys(['Scrapper_goes18']) retrieved from /opt/airflow/dags/goes_scrapper_dag.py
[2023-02-26T17:00:03.974+0000] {logging_mixin.py:137} INFO - [2023-02-26T17:00:03.974+0000] {dag.py:2690} INFO - Sync 1 DAGs
[2023-02-26T17:00:04.047+0000] {logging_mixin.py:137} INFO - [2023-02-26T17:00:04.047+0000] {dag.py:3441} INFO - Setting next_dagrun for Scrapper_goes18 to 2023-02-26T00:00:00+00:00, run_after=2023-02-27T00:00:00+00:00
[2023-02-26T17:00:04.084+0000] {processor.py:175} INFO - Processing /opt/airflow/dags/goes_scrapper_dag.py took 4.951 seconds
