[2023-02-26T16:59:19.834+0000] {processor.py:153} INFO - Started process (PID=66) to work on /opt/airflow/dags/nexrad_scrapper_dag.py
[2023-02-26T16:59:19.836+0000] {processor.py:743} INFO - Processing file /opt/airflow/dags/nexrad_scrapper_dag.py for tasks to queue
[2023-02-26T16:59:19.837+0000] {logging_mixin.py:137} INFO - [2023-02-26T16:59:19.837+0000] {dagbag.py:538} INFO - Filling up the DagBag from /opt/airflow/dags/nexrad_scrapper_dag.py
[2023-02-26T16:59:28.255+0000] {logging_mixin.py:137} INFO - [2023-02-26T16:59:28.254+0000] {warnings.py:110} WARNING - /opt/airflow/dags/nexrad_scrapper_dag.py:37: RemovedInAirflow3Warning: Function `days_ago` is deprecated and will be removed in Airflow 3.0. You can achieve equivalent behavior with `pendulum.today('UTC').add(days=-N, ...)`
  start_date=days_ago(0),
[2023-02-26T16:59:28.262+0000] {logging_mixin.py:137} INFO - [2023-02-26T16:59:28.262+0000] {warnings.py:110} WARNING - /opt/airflow/dags/nexrad_scrapper_dag.py:129: RemovedInAirflow3Warning: Function `days_ago` is deprecated and will be removed in Airflow 3.0. You can achieve equivalent behavior with `pendulum.today('UTC').add(days=-N, ...)`
  start_date=days_ago(0)
[2023-02-26T16:59:28.265+0000] {logging_mixin.py:137} INFO - [2023-02-26T16:59:28.264+0000] {warnings.py:110} WARNING - /opt/airflow/dags/nexrad_scrapper_dag.py:137: RemovedInAirflow3Warning: Function `days_ago` is deprecated and will be removed in Airflow 3.0. You can achieve equivalent behavior with `pendulum.today('UTC').add(days=-N, ...)`
  start_date=days_ago(0)
[2023-02-26T16:59:28.293+0000] {processor.py:753} INFO - DAG(s) dict_keys(['nex_Scrapper']) retrieved from /opt/airflow/dags/nexrad_scrapper_dag.py
[2023-02-26T16:59:28.674+0000] {logging_mixin.py:137} INFO - [2023-02-26T16:59:28.674+0000] {dag.py:2690} INFO - Sync 1 DAGs
[2023-02-26T16:59:28.837+0000] {logging_mixin.py:137} INFO - [2023-02-26T16:59:28.837+0000] {dag.py:3441} INFO - Setting next_dagrun for nex_Scrapper to 2023-02-26T00:00:00+00:00, run_after=2023-02-27T00:00:00+00:00
[2023-02-26T16:59:28.899+0000] {processor.py:175} INFO - Processing /opt/airflow/dags/nexrad_scrapper_dag.py took 9.069 seconds
[2023-02-26T16:59:59.137+0000] {processor.py:153} INFO - Started process (PID=142) to work on /opt/airflow/dags/nexrad_scrapper_dag.py
[2023-02-26T16:59:59.139+0000] {processor.py:743} INFO - Processing file /opt/airflow/dags/nexrad_scrapper_dag.py for tasks to queue
[2023-02-26T16:59:59.139+0000] {logging_mixin.py:137} INFO - [2023-02-26T16:59:59.139+0000] {dagbag.py:538} INFO - Filling up the DagBag from /opt/airflow/dags/nexrad_scrapper_dag.py
[2023-02-26T17:00:03.867+0000] {logging_mixin.py:137} INFO - [2023-02-26T17:00:03.867+0000] {warnings.py:110} WARNING - /opt/airflow/dags/nexrad_scrapper_dag.py:37: RemovedInAirflow3Warning: Function `days_ago` is deprecated and will be removed in Airflow 3.0. You can achieve equivalent behavior with `pendulum.today('UTC').add(days=-N, ...)`
  start_date=days_ago(0),
[2023-02-26T17:00:03.878+0000] {logging_mixin.py:137} INFO - [2023-02-26T17:00:03.878+0000] {warnings.py:110} WARNING - /opt/airflow/dags/nexrad_scrapper_dag.py:129: RemovedInAirflow3Warning: Function `days_ago` is deprecated and will be removed in Airflow 3.0. You can achieve equivalent behavior with `pendulum.today('UTC').add(days=-N, ...)`
  start_date=days_ago(0)
[2023-02-26T17:00:03.880+0000] {logging_mixin.py:137} INFO - [2023-02-26T17:00:03.880+0000] {warnings.py:110} WARNING - /opt/airflow/dags/nexrad_scrapper_dag.py:137: RemovedInAirflow3Warning: Function `days_ago` is deprecated and will be removed in Airflow 3.0. You can achieve equivalent behavior with `pendulum.today('UTC').add(days=-N, ...)`
  start_date=days_ago(0)
[2023-02-26T17:00:03.907+0000] {processor.py:753} INFO - DAG(s) dict_keys(['nex_Scrapper']) retrieved from /opt/airflow/dags/nexrad_scrapper_dag.py
[2023-02-26T17:00:03.974+0000] {logging_mixin.py:137} INFO - [2023-02-26T17:00:03.974+0000] {dag.py:2690} INFO - Sync 1 DAGs
[2023-02-26T17:00:04.048+0000] {logging_mixin.py:137} INFO - [2023-02-26T17:00:04.048+0000] {dag.py:3441} INFO - Setting next_dagrun for nex_Scrapper to 2023-02-26T00:00:00+00:00, run_after=2023-02-27T00:00:00+00:00
[2023-02-26T17:00:04.085+0000] {processor.py:175} INFO - Processing /opt/airflow/dags/nexrad_scrapper_dag.py took 4.952 seconds
