[2023-02-24T19:12:00.434+0000] {taskinstance.py:1083} INFO - Dependencies all met for <TaskInstance: Scrapper_goes18.export_db manual__2023-02-24T19:11:26.922187+00:00 [queued]>
[2023-02-24T19:12:00.447+0000] {taskinstance.py:1083} INFO - Dependencies all met for <TaskInstance: Scrapper_goes18.export_db manual__2023-02-24T19:11:26.922187+00:00 [queued]>
[2023-02-24T19:12:00.447+0000] {taskinstance.py:1279} INFO - 
--------------------------------------------------------------------------------
[2023-02-24T19:12:00.447+0000] {taskinstance.py:1280} INFO - Starting attempt 1 of 1
[2023-02-24T19:12:00.447+0000] {taskinstance.py:1281} INFO - 
--------------------------------------------------------------------------------
[2023-02-24T19:12:00.466+0000] {taskinstance.py:1300} INFO - Executing <Task(PythonOperator): export_db> on 2023-02-24 19:11:26.922187+00:00
[2023-02-24T19:12:00.473+0000] {standard_task_runner.py:55} INFO - Started process 1473 to run task
[2023-02-24T19:12:00.478+0000] {standard_task_runner.py:82} INFO - Running: ['***', 'tasks', 'run', 'Scrapper_goes18', 'export_db', 'manual__2023-02-24T19:11:26.922187+00:00', '--job-id', '19', '--raw', '--subdir', 'DAGS_FOLDER/goes_scrapper_dag.py', '--cfg-path', '/tmp/tmpmzcpalrg']
[2023-02-24T19:12:00.479+0000] {standard_task_runner.py:83} INFO - Job 19: Subtask export_db
[2023-02-24T19:12:00.567+0000] {task_command.py:388} INFO - Running <TaskInstance: Scrapper_goes18.export_db manual__2023-02-24T19:11:26.922187+00:00 [running]> on host 41c53da71dc8
[2023-02-24T19:12:00.649+0000] {taskinstance.py:1509} INFO - Exporting the following env vars:
AIRFLOW_CTX_DAG_OWNER=***
AIRFLOW_CTX_DAG_ID=Scrapper_goes18
AIRFLOW_CTX_TASK_ID=export_db
AIRFLOW_CTX_EXECUTION_DATE=2023-02-24T19:11:26.922187+00:00
AIRFLOW_CTX_TRY_NUMBER=1
AIRFLOW_CTX_DAG_RUN_ID=manual__2023-02-24T19:11:26.922187+00:00
[2023-02-24T19:12:04.141+0000] {python.py:177} INFO - Done. Returned value was: None
[2023-02-24T19:12:04.152+0000] {taskinstance.py:1323} INFO - Marking task as SUCCESS. dag_id=Scrapper_goes18, task_id=export_db, execution_date=20230224T191126, start_date=20230224T191200, end_date=20230224T191204
[2023-02-24T19:12:04.230+0000] {local_task_job.py:208} INFO - Task exited with return code 0
[2023-02-24T19:12:04.257+0000] {taskinstance.py:2578} INFO - 0 downstream tasks scheduled from follow-on schedule check
