[2023-02-26T16:59:34.267+0000] {taskinstance.py:1083} INFO - Dependencies all met for <TaskInstance: Scrapper_goes18.scrape_goes18_data scheduled__2023-02-25T00:00:00+00:00 [queued]>
[2023-02-26T16:59:34.284+0000] {taskinstance.py:1083} INFO - Dependencies all met for <TaskInstance: Scrapper_goes18.scrape_goes18_data scheduled__2023-02-25T00:00:00+00:00 [queued]>
[2023-02-26T16:59:34.284+0000] {taskinstance.py:1279} INFO - 
--------------------------------------------------------------------------------
[2023-02-26T16:59:34.284+0000] {taskinstance.py:1280} INFO - Starting attempt 1 of 1
[2023-02-26T16:59:34.285+0000] {taskinstance.py:1281} INFO - 
--------------------------------------------------------------------------------
[2023-02-26T16:59:34.306+0000] {taskinstance.py:1300} INFO - Executing <Task(PythonOperator): scrape_goes18_data> on 2023-02-25 00:00:00+00:00
[2023-02-26T16:59:34.315+0000] {standard_task_runner.py:55} INFO - Started process 115 to run task
[2023-02-26T16:59:34.338+0000] {standard_task_runner.py:82} INFO - Running: ['***', 'tasks', 'run', 'Scrapper_goes18', 'scrape_goes18_data', 'scheduled__2023-02-25T00:00:00+00:00', '--job-id', '29', '--raw', '--subdir', 'DAGS_FOLDER/goes_scrapper_dag.py', '--cfg-path', '/tmp/tmpim70vj9s']
[2023-02-26T16:59:34.340+0000] {standard_task_runner.py:83} INFO - Job 29: Subtask scrape_goes18_data
[2023-02-26T16:59:34.499+0000] {task_command.py:388} INFO - Running <TaskInstance: Scrapper_goes18.scrape_goes18_data scheduled__2023-02-25T00:00:00+00:00 [running]> on host 41c53da71dc8
[2023-02-26T16:59:34.632+0000] {taskinstance.py:1509} INFO - Exporting the following env vars:
AIRFLOW_CTX_DAG_OWNER=***
AIRFLOW_CTX_DAG_ID=Scrapper_goes18
AIRFLOW_CTX_TASK_ID=scrape_goes18_data
AIRFLOW_CTX_EXECUTION_DATE=2023-02-25T00:00:00+00:00
AIRFLOW_CTX_TRY_NUMBER=1
AIRFLOW_CTX_DAG_RUN_ID=scheduled__2023-02-25T00:00:00+00:00
[2023-02-26T16:59:54.857+0000] {python.py:177} INFO - Done. Returned value was: None
[2023-02-26T16:59:54.874+0000] {taskinstance.py:1323} INFO - Marking task as SUCCESS. dag_id=Scrapper_goes18, task_id=scrape_goes18_data, execution_date=20230225T000000, start_date=20230226T165934, end_date=20230226T165954
[2023-02-26T16:59:54.928+0000] {local_task_job.py:208} INFO - Task exited with return code 0
[2023-02-26T16:59:54.956+0000] {taskinstance.py:2578} INFO - 1 downstream tasks scheduled from follow-on schedule check
