[2023-02-24T19:24:30.791+0000] {taskinstance.py:1083} INFO - Dependencies all met for <TaskInstance: nex_Scrapper.scrape_nexrad_data manual__2023-02-24T19:24:23.416937+00:00 [queued]>
[2023-02-24T19:24:30.816+0000] {taskinstance.py:1083} INFO - Dependencies all met for <TaskInstance: nex_Scrapper.scrape_nexrad_data manual__2023-02-24T19:24:23.416937+00:00 [queued]>
[2023-02-24T19:24:30.817+0000] {taskinstance.py:1279} INFO - 
--------------------------------------------------------------------------------
[2023-02-24T19:24:30.817+0000] {taskinstance.py:1280} INFO - Starting attempt 1 of 1
[2023-02-24T19:24:30.817+0000] {taskinstance.py:1281} INFO - 
--------------------------------------------------------------------------------
[2023-02-24T19:24:30.841+0000] {taskinstance.py:1300} INFO - Executing <Task(PythonOperator): scrape_nexrad_data> on 2023-02-24 19:24:23.416937+00:00
[2023-02-24T19:24:30.851+0000] {standard_task_runner.py:55} INFO - Started process 2547 to run task
[2023-02-24T19:24:30.857+0000] {standard_task_runner.py:82} INFO - Running: ['***', 'tasks', 'run', 'nex_Scrapper', 'scrape_nexrad_data', 'manual__2023-02-24T19:24:23.416937+00:00', '--job-id', '22', '--raw', '--subdir', 'DAGS_FOLDER/nexrad_scrapper_dag.py', '--cfg-path', '/tmp/tmp3_avsdff']
[2023-02-24T19:24:30.858+0000] {standard_task_runner.py:83} INFO - Job 22: Subtask scrape_nexrad_data
[2023-02-24T19:24:30.983+0000] {task_command.py:388} INFO - Running <TaskInstance: nex_Scrapper.scrape_nexrad_data manual__2023-02-24T19:24:23.416937+00:00 [running]> on host 41c53da71dc8
[2023-02-24T19:24:31.092+0000] {taskinstance.py:1509} INFO - Exporting the following env vars:
AIRFLOW_CTX_DAG_OWNER=***
AIRFLOW_CTX_DAG_ID=nex_Scrapper
AIRFLOW_CTX_TASK_ID=scrape_nexrad_data
AIRFLOW_CTX_EXECUTION_DATE=2023-02-24T19:24:23.416937+00:00
AIRFLOW_CTX_TRY_NUMBER=1
AIRFLOW_CTX_DAG_RUN_ID=manual__2023-02-24T19:24:23.416937+00:00
[2023-02-24T19:26:13.710+0000] {python.py:177} INFO - Done. Returned value was: None
[2023-02-24T19:26:13.734+0000] {taskinstance.py:1323} INFO - Marking task as SUCCESS. dag_id=nex_Scrapper, task_id=scrape_nexrad_data, execution_date=20230224T192423, start_date=20230224T192430, end_date=20230224T192613
[2023-02-24T19:26:13.832+0000] {local_task_job.py:208} INFO - Task exited with return code 0
[2023-02-24T19:26:13.934+0000] {taskinstance.py:2578} INFO - 1 downstream tasks scheduled from follow-on schedule check
