[2023-02-24T19:11:31.349+0000] {taskinstance.py:1083} INFO - Dependencies all met for <TaskInstance: Scrapper_goes18.scrape_goes18_data manual__2023-02-24T19:11:26.922187+00:00 [queued]>
[2023-02-24T19:11:31.361+0000] {taskinstance.py:1083} INFO - Dependencies all met for <TaskInstance: Scrapper_goes18.scrape_goes18_data manual__2023-02-24T19:11:26.922187+00:00 [queued]>
[2023-02-24T19:11:31.361+0000] {taskinstance.py:1279} INFO - 
--------------------------------------------------------------------------------
[2023-02-24T19:11:31.361+0000] {taskinstance.py:1280} INFO - Starting attempt 1 of 1
[2023-02-24T19:11:31.361+0000] {taskinstance.py:1281} INFO - 
--------------------------------------------------------------------------------
[2023-02-24T19:11:31.379+0000] {taskinstance.py:1300} INFO - Executing <Task(PythonOperator): scrape_goes18_data> on 2023-02-24 19:11:26.922187+00:00
[2023-02-24T19:11:31.386+0000] {standard_task_runner.py:55} INFO - Started process 1431 to run task
[2023-02-24T19:11:31.390+0000] {standard_task_runner.py:82} INFO - Running: ['***', 'tasks', 'run', 'Scrapper_goes18', 'scrape_goes18_data', 'manual__2023-02-24T19:11:26.922187+00:00', '--job-id', '18', '--raw', '--subdir', 'DAGS_FOLDER/goes_scrapper_dag.py', '--cfg-path', '/tmp/tmpphmr6mre']
[2023-02-24T19:11:31.390+0000] {standard_task_runner.py:83} INFO - Job 18: Subtask scrape_goes18_data
[2023-02-24T19:11:31.464+0000] {task_command.py:388} INFO - Running <TaskInstance: Scrapper_goes18.scrape_goes18_data manual__2023-02-24T19:11:26.922187+00:00 [running]> on host 41c53da71dc8
[2023-02-24T19:11:31.539+0000] {taskinstance.py:1509} INFO - Exporting the following env vars:
AIRFLOW_CTX_DAG_OWNER=***
AIRFLOW_CTX_DAG_ID=Scrapper_goes18
AIRFLOW_CTX_TASK_ID=scrape_goes18_data
AIRFLOW_CTX_EXECUTION_DATE=2023-02-24T19:11:26.922187+00:00
AIRFLOW_CTX_TRY_NUMBER=1
AIRFLOW_CTX_DAG_RUN_ID=manual__2023-02-24T19:11:26.922187+00:00
[2023-02-24T19:11:56.082+0000] {python.py:177} INFO - Done. Returned value was: None
[2023-02-24T19:11:56.103+0000] {taskinstance.py:1323} INFO - Marking task as SUCCESS. dag_id=Scrapper_goes18, task_id=scrape_goes18_data, execution_date=20230224T191126, start_date=20230224T191131, end_date=20230224T191156
[2023-02-24T19:11:56.230+0000] {local_task_job.py:208} INFO - Task exited with return code 0
[2023-02-24T19:11:56.346+0000] {taskinstance.py:2578} INFO - 1 downstream tasks scheduled from follow-on schedule check
